<?xml version="1.0" encoding="UTF-8"?>
<!-- Generated by org.testng.reporters.JUnitReportReporter -->
<testsuite hostname="DESKTOP-VC8FMVO" failures="0" tests="1" name="PJInvoice_Test.PJ_Test" time="390.160" errors="0" timestamp="2023-06-10T10:19:04 IST" skipped="0">
  <testcase classname="PJInvoice_Test.PJ_Test" name="data" time="390.160"/>
</testsuite> <!-- PJInvoice_Test.PJ_Test -->
